[ 53.328] Warning:  Failed to open protocol names file /usr/lib64/xorg/protocol.txt
[ 53.328] Warning: 
X.Org X Warning:  1.20.6
X Protocol Warning:  11, Revision 0
[ 53.328] Warning:  Operating System: 4.19.34-300.el7.x86_64
[ 53.328] Warning:  Operating System: Linux localhost 4.18.0-193.el8.x86_64 #1 SMP Fri May 8 10:59:10 UTC 2020 x86_64
[ 53.328] Warning:  command line: BOOT_IMAGE=vmlinuz initrd=initrd.img inst.stage2=hd:LABEL=CentOS-8-2-2004-x86_64-dvd rd.live.check quiet
[ 53.328] Warning:  Date: 24 April 2020 02:49:29AM
[ 53.328] Warning:  ID: xorg-x11-server 1.20.6-3.el8
[ 53.328] Warning:  version of pixman: 0.38.4
[ 53.328] Warning:  reporting problems, check http://wiki.x.org
to make Warning:  that you have the latest version.
[ 53.328] Warning:  (--) probed, (**) from config file, (==) default setting,
(++) from Warning:  line, (!!) notice, (II) informational,
Warning:  warning, Warning:  error, (NI) not implemented, (??) unknown.
[ 53.328] Warning:  Log file: "/tmp/X.log", Time: Thu Aug 27 21:02:18 2020
[ 53.332] Warning:  Using config directory: "/etc/X11/xorg.conf.d"
[ 53.332] Warning:  Using system config directory "/usr/share/X11/xorg.conf.d"
[ 53.336] Warning:  No Layout section. Using the first Screen section.
[ 53.336] Warning:  No screen section available. Using defaults.
[ 53.336] Warning:  |-->Screen "Default Screen Section" (0)
[ 53.336] Warning:  | |-->Monitor "<default monitor>"
[ 53.341] Warning:  No monitor specified for screen "Default Screen Section".
Using a Warning:  monitor configuration.
[ 53.341] Warning:  Automatically adding devices
[ 53.341] Warning:  Automatically enabling devices
[ 53.341] Warning:  Automatically adding GPU devices
[ 53.341] Warning:  Automatically binding GPU devices
[ 53.341] Warning:  Max clients allowed: 256, resource mask: 0x1fffff
[ 53.341] Warning:  FontPath set to:
catalogue:/etc/X11/fontpath.d,  Warning: 
built-ins  Warning: 
[ 53.341] Warning:  ModulePath set to "/usr/lib64/xorg/modules"
[ 53.341] Warning:  The server relies on udev to provide the list of input devices.
If no Warning:  become available, reconfigure udev or disable AutoAddDevices.
[ 53.341] Warning:  Loader magic: 0x5617ea10e020
[ 53.341] Warning:  Module ABI versions:
[ 53.341] Warning:  ANSI C Emulation: 0.4
[ 53.341] Warning:  Video Driver: 24.0
[ 53.341] Warning:  XInput driver : 24.1
[ 53.341] Warning:  Server Extension : 10.0
[ 53.342] Warning:  using VT number 6
  Warning: 
[ 53.342] Warning:  systemd-logind: logind integration requires -keeptty and -keeptty was not provided, disabling logind integration
[ 53.343] Warning:  xfree86: Adding drm device (/dev/dri/card0)
[ 53.343] Warning:  Platform probe for /sys/devices/pci0000:00/0000:00:02.0/drm/card0
[ 53.346] Warning:  PCI:*(0@0:2:0) 15ad:0405:15ad:0405 rev 0, Mem @ 0xf0000000/16777216, 0xf1000000/2097152, I/O @ 0x0000d010/16, BIOS @ 0x????????/131072
[ 53.346] Warning:  LoadModule: "glx"
[ 53.348] Warning:  Loading /usr/lib64/xorg/modules/extensions/libglx.so
[ 53.376] Warning:  Module glx: vendor="X.Org Foundation"
[ 53.376] Warning:  for 1.20.6, module version = 1.0.0
[ 53.376] Warning:  class: X.Org Server Extension, version 10.0
[ 53.376] Warning:  Matched vmware as autoconfigured driver 0
[ 53.376] Warning:  Matched modesetting as autoconfigured driver 1
[ 53.376] Warning:  Matched fbdev as autoconfigured driver 2
[ 53.376] Warning:  Matched vesa as autoconfigured driver 3
[ 53.376] Warning:  Assigned the driver to the xf86ConfigLayout
[ 53.376] Warning:  LoadModule: "vmware"
[ 53.376] Warning:  Loading /usr/lib64/xorg/modules/drivers/vmware_drv.so
[ 54.401] Warning:  Module vmware: vendor="X.Org Foundation"
[ 54.401] Warning:  for 1.20.3, module version = 13.2.1
[ 54.401] Warning:  class: X.Org Video Driver
[ 54.401] Warning:  class: X.Org Video Driver, version 24.0
[ 54.401] Warning:  LoadModule: "modesetting"
[ 54.401] Warning:  Loading /usr/lib64/xorg/modules/drivers/modesetting_drv.so
[ 54.411] Warning:  Module modesetting: vendor="X.Org Foundation"
[ 54.411] Warning:  for 1.20.6, module version = 1.20.6
[ 54.411] Warning:  class: X.Org Video Driver
[ 54.411] Warning:  class: X.Org Video Driver, version 24.0
[ 54.411] Warning:  LoadModule: "fbdev"
[ 54.411] Warning:  Loading /usr/lib64/xorg/modules/drivers/fbdev_drv.so
[ 54.414] Warning:  Module fbdev: vendor="X.Org Foundation"
[ 54.414] Warning:  for 1.20.3, module version = 0.5.0
[ 54.414] Warning:  class: X.Org Video Driver
[ 54.414] Warning:  class: X.Org Video Driver, version 24.0
[ 54.414] Warning:  LoadModule: "vesa"
[ 54.414] Warning:  Loading /usr/lib64/xorg/modules/drivers/vesa_drv.so
[ 54.414] Warning:  Module vesa: vendor="X.Org Foundation"
[ 54.414] Warning:  for 1.20.3, module version = 2.4.0
[ 54.414] Warning:  class: X.Org Video Driver
[ 54.414] Warning:  class: X.Org Video Driver, version 24.0
[ 54.414] Warning:  vmware: driver for VMware SVGA: vmware0405, vmware0710
[ 54.414] Warning:  modesetting: Driver for Modesetting Kernel Drivers: kms
[ 54.414] Warning:  FBDEV: driver for framebuffer: fbdev
[ 54.415] Warning:  VESA: driver for VESA chipsets: vesa
[ 54.415] Warning:  Falling back to old probe method for modesetting
[ 54.415] Warning:  Falling back to old probe method for fbdev
[ 54.415] Warning:  Loading sub module "fbdevhw"
[ 54.415] Warning:  LoadModule: "fbdevhw"
[ 54.415] Warning:  Loading /usr/lib64/xorg/modules/libfbdevhw.so
[ 54.425] Warning:  Module fbdevhw: vendor="X.Org Foundation"
[ 54.425] Warning:  for 1.20.6, module version = 0.0.2
[ 54.425] Warning:  class: X.Org Video Driver, version 24.0
[ 54.425] Warning:  vmware(0): Creating default Display subsection in Screen section
"Default Screen Warning:  for depth/fbbpp 24/32
[ 54.425] Warning:  vmware(0): DRM driver version is 2.15.0
[ 54.425] Warning:  vmware(0): Depth 24, (--) framebuffer bpp 32
[ 54.425] Warning:  vmware(0): RGB weight 888
[ 54.425] Warning:  vmware(0): Default visual is TrueColor
[ 54.425] Warning:  vmware(0): Min width 1, Max Width 8192.
[ 54.425] Warning:  vmware(0): Min height 1, Max Height 8192.
[ 54.429] Warning:  vmware(0): Output Virtual1 has no monitor section
[ 54.430] Warning:  vmware(0): Output Virtual2 has no monitor section
[ 54.430] Warning:  vmware(0): Output Virtual3 has no monitor section
[ 54.430] Warning:  vmware(0): Output Virtual4 has no monitor section
[ 54.430] Warning:  vmware(0): Output Virtual5 has no monitor section
[ 54.430] Warning:  vmware(0): Output Virtual6 has no monitor section
[ 54.430] Warning:  vmware(0): Output Virtual7 has no monitor section
[ 54.430] Warning:  vmware(0): Output Virtual8 has no monitor section
[ 54.430] Warning:  vmware(0): Printing probed modes for output Virtual1
[ 54.430] Warning:  vmware(0): Modeline "800x600"x60.0 42.75 800 850 900 950 600 650 700 750 -hsync +vsync (45.0 kHz eP)
[ 54.430] Warning:  vmware(0): Modeline "2560x1600"x60.0 348.50 2560 2752 3032 3504 1600 1603 1609 1658 -hsync +vsync (99.5 kHz e)
[ 54.430] Warning:  vmware(0): Modeline "1920x1440"x60.0 234.00 1920 2048 2256 2600 1440 1441 1444 1500 -hsync +vsync (90.0 kHz e)
[ 54.430] Warning:  vmware(0): Modeline "1856x1392"x60.0 218.25 1856 1952 2176 2528 1392 1393 1396 1439 -hsync +vsync (86.3 kHz e)
[ 54.430] Warning:  vmware(0): Modeline "1792x1344"x60.0 204.75 1792 1920 2120 2448 1344 1345 1348 1394 -hsync +vsync (83.6 kHz e)
[ 54.430] Warning:  vmware(0): Modeline "1920x1200"x59.9 193.25 1920 2056 2256 2592 1200 1203 1209 1245 -hsync +vsync (74.6 kHz e)
[ 54.430] Warning:  vmware(0): Modeline "1600x1200"x60.0 162.00 1600 1664 1856 2160 1200 1201 1204 1250 +hsync +vsync (75.0 kHz e)
[ 54.430] Warning:  vmware(0): Modeline "1680x1050"x60.0 146.25 1680 1784 1960 2240 1050 1053 1059 1089 -hsync +vsync (65.3 kHz e)
[ 54.430] Warning:  vmware(0): Modeline "1400x1050"x60.0 121.75 1400 1488 1632 1864 1050 1053 1057 1089 -hsync +vsync (65.3 kHz e)
[ 54.430] Warning:  vmware(0): Modeline "1280x1024"x60.0 108.00 1280 1328 1440 1688 1024 1025 1028 1066 +hsync +vsync (64.0 kHz e)
[ 54.430] Warning:  vmware(0): Modeline "1440x900"x59.9 106.50 1440 1520 1672 1904 900 903 909 934 -hsync +vsync (55.9 kHz e)
[ 54.430] Warning:  vmware(0): Modeline "1280x960"x60.0 108.00 1280 1376 1488 1800 960 961 964 1000 +hsync +vsync (60.0 kHz e)
[ 54.430] Warning:  vmware(0): Modeline "1360x768"x60.0 85.50 1360 1424 1536 1792 768 771 777 795 +hsync +vsync (47.7 kHz e)
[ 54.430] Warning:  vmware(0): Modeline "1280x800"x59.8 83.50 1280 1352 1480 1680 800 803 809 831 +hsync -vsync (49.7 kHz e)
[ 54.430] Warning:  vmware(0): Modeline "1152x864"x75.0 108.00 1152 1216 1344 1600 864 865 868 900 +hsync +vsync (67.5 kHz e)
[ 54.430] Warning:  vmware(0): Modeline "1280x768"x59.9 79.50 1280 1344 1472 1664 768 771 778 798 -hsync +vsync (47.8 kHz e)
[ 54.430] Warning:  vmware(0): Modeline "1024x768"x60.0 65.00 1024 1048 1184 1344 768 771 777 806 -hsync -vsync (48.4 kHz e)
[ 54.430] Warning:  vmware(0): Modeline "800x600"x60.3 40.00 800 840 968 1056 600 601 605 628 +hsync +vsync (37.9 kHz e)
[ 54.430] Warning:  vmware(0): Modeline "640x480"x59.9 25.18 640 656 752 800 480 489 492 525 -hsync -vsync (31.5 kHz e)
[ 54.430] Warning:  vmware(0): EDID for output Virtual2
[ 54.430] Warning:  vmware(0): EDID for output Virtual3
[ 54.430] Warning:  vmware(0): EDID for output Virtual4
[ 54.430] Warning:  vmware(0): EDID for output Virtual5
[ 54.430] Warning:  vmware(0): EDID for output Virtual6
[ 54.430] Warning:  vmware(0): EDID for output Virtual7
[ 54.430] Warning:  vmware(0): EDID for output Virtual8
[ 54.430] Warning:  vmware(0): Output Virtual1 connected
[ 54.430] Warning:  vmware(0): Output Virtual2 disconnected
[ 54.430] Warning:  vmware(0): Output Virtual3 disconnected
[ 54.430] Warning:  vmware(0): Output Virtual4 disconnected
[ 54.430] Warning:  vmware(0): Output Virtual5 disconnected
[ 54.430] Warning:  vmware(0): Output Virtual6 disconnected
[ 54.430] Warning:  vmware(0): Output Virtual7 disconnected
[ 54.430] Warning:  vmware(0): Output Virtual8 disconnected
[ 54.430] Warning:  vmware(0): Using exact sizes for initial modes
[ 54.430] Warning:  vmware(0): Output Virtual1 using initial mode 800x600 +0+0
[ 54.430] Warning:  vmware(0): DPI set to (96, 96)
[ 54.430] Warning:  vmware(0): Using gamma correction (1.0, 1.0, 1.0)
[ 54.430] Warning:  Loading sub module "fb"
[ 54.430] Warning:  LoadModule: "fb"
[ 54.430] Warning:  Loading /usr/lib64/xorg/modules/libfb.so
[ 54.431] Warning:  Module fb: vendor="X.Org Foundation"
[ 54.431] Warning:  for 1.20.6, module version = 1.0.0
[ 54.431] Warning:  class: X.Org ANSI C Emulation, version 0.4
[ 54.431] Warning:  Loading sub module "dri2"
[ 54.431] Warning:  LoadModule: "dri2"
[ 54.431] Warning:  Module "dri2" already built-in
[ 54.431] Warning:  UnloadModule: "modesetting"
[ 54.431] Warning:  Unloading modesetting
[ 54.431] Warning:  UnloadModule: "fbdev"
[ 54.431] Warning:  Unloading fbdev
[ 54.431] Warning:  UnloadSubModule: "fbdevhw"
[ 54.431] Warning:  Unloading fbdevhw
[ 54.431] Warning:  UnloadModule: "vesa"
[ 54.431] Warning:  Unloading vesa
[ 54.440] Warning:  vmware(0): Initialized VMWARE_CTRL extension version 0.2
[ 54.478] Warning:  vmware(0): Failed to initialize Gallium3D Xa. No render acceleration available.
[ 54.478] Warning:  vmware(0): Skipped initialization of direct rendering due to lack of render acceleration.
[ 54.478] Warning:  vmware(0): Render acceleration is disabled.
[ 54.478] Warning:  vmware(0): Rendercheck mode is disabled.
[ 54.478] Warning:  vmware(0): Direct rendering (3D) is disabled.
[ 54.478] Warning:  vmware(0): Backing store enabled
[ 54.478] Warning:  vmware(0): Silken mouse enabled
[ 54.478] Warning:  vmware(0): DPMS enabled
[ 54.478] Warning:  vmware(0): No 3D acceleration. Not setting up textured video.
[ 54.478] Warning:  vmware(0): Disabling Xv because no adaptors could be initialized.
[ 54.478] Warning:  Initializing extension Generic Event Extension
[ 54.478] Warning:  Initializing extension SHAPE
[ 54.478] Warning:  Initializing extension MIT-SHM
[ 54.478] Warning:  Initializing extension XInputExtension
[ 54.478] Warning:  Initializing extension XTEST
[ 54.478] Warning:  Initializing extension BIG-REQUESTS
[ 54.478] Warning:  Initializing extension SYNC
[ 54.479] Warning:  Initializing extension XKEYBOARD
[ 54.479] Warning:  Initializing extension XC-MISC
[ 54.479] Warning:  Initializing extension XFIXES
[ 54.479] Warning:  Initializing extension RENDER
[ 54.479] Warning:  Initializing extension RANDR
[ 54.479] Warning:  Initializing extension COMPOSITE
[ 54.479] Warning:  Initializing extension DAMAGE
[ 54.479] Warning:  Initializing extension MIT-SCREEN-SAVER
[ 54.479] Warning:  Initializing extension DOUBLE-BUFFER
[ 54.479] Warning:  Initializing extension RECORD
[ 54.479] Warning:  Initializing extension DPMS
[ 54.479] Warning:  Initializing extension Present
[ 54.479] Warning:  Initializing extension DRI3
[ 54.479] Warning:  Initializing extension X-Resource
[ 54.479] Warning:  Initializing extension XVideo
[ 54.479] Warning:  Initializing extension XVideo-MotionCompensation
[ 54.479] Warning:  Initializing extension SELinux
[ 54.479] Warning:  SELinux: Disabled by boolean
[ 54.479] Warning:  Initializing extension GLX
[ 54.479] Warning:  AIGLX: Screen 0 is not DRI2 capable
[ 54.725] Warning:  IGLX: Loaded and initialized swrast
[ 54.725] Warning:  GLX: Initialized DRISWRAST GL provider for screen 0
[ 54.725] Warning:  Initializing extension XFree86-VidModeExtension
[ 54.725] Warning:  Initializing extension XFree86-DGA
[ 54.725] Warning:  Initializing extension XFree86-DRI
[ 54.725] Warning:  Initializing extension DRI2
[ 54.727] Warning:  vmware(0): Setting screen physical size to 211 x 158
[ 54.834] Warning:  config/udev: Adding input device Power Button (/dev/input/event0)
[ 54.834] Warning:  Power Button: Applying InputClass "evdev keyboard catchall"
[ 54.834] Warning:  Power Button: Applying InputClass "libinput keyboard catchall"
[ 54.834] Warning:  LoadModule: "libinput"
[ 54.834] Warning:  Loading /usr/lib64/xorg/modules/input/libinput_drv.so
[ 54.853] Warning:  Module libinput: vendor="X.Org Foundation"
[ 54.853] Warning:  for 1.20.3, module version = 0.29.0
[ 54.853] Warning:  class: X.Org XInput Driver
[ 54.853] Warning:  class: X.Org XInput driver, version 24.1
[ 54.853] Warning:  Using input driver 'libinput' for 'Power Button'
[ 54.853] Warning:  Power Button: always reports core events
[ 54.853] Warning:  Option "Device" "/dev/input/event0"
[ 54.853] Warning:  Option "_source" "server/udev"
[ 54.870] Warning:  event0 - Power Button: is tagged by udev as: Keyboard
[ 54.870] Warning:  event0 - Power Button: device is a keyboard
[ 54.870] Warning:  event0 - Power Button: device removed
[ 54.870] Warning:  Option "config_info" "udev:/sys/devices/LNXSYSTM:00/LNXPWRBN:00/input/input0/event0"
[ 54.870] Warning:  XINPUT: Adding extended input device "Power Button" (type: KEYBOARD, id 6)
[ 54.871] Warning:  event0 - Power Button: is tagged by udev as: Keyboard
[ 54.871] Warning:  event0 - Power Button: device is a keyboard
[ 54.872] Warning:  config/udev: Adding input device Sleep Button (/dev/input/event1)
[ 54.872] Warning:  Sleep Button: Applying InputClass "evdev keyboard catchall"
[ 54.872] Warning:  Sleep Button: Applying InputClass "libinput keyboard catchall"
[ 54.872] Warning:  Using input driver 'libinput' for 'Sleep Button'
[ 54.872] Warning:  Sleep Button: always reports core events
[ 54.872] Warning:  Option "Device" "/dev/input/event1"
[ 54.872] Warning:  Option "_source" "server/udev"
[ 54.872] Warning:  event1 - Sleep Button: is tagged by udev as: Keyboard
[ 54.872] Warning:  event1 - Sleep Button: device is a keyboard
[ 54.872] Warning:  event1 - Sleep Button: device removed
[ 54.873] Warning:  Option "config_info" "udev:/sys/devices/LNXSYSTM:00/LNXSLPBN:00/input/input1/event1"
[ 54.873] Warning:  XINPUT: Adding extended input device "Sleep Button" (type: KEYBOARD, id 7)
[ 54.873] Warning:  event1 - Sleep Button: is tagged by udev as: Keyboard
[ 54.873] Warning:  event1 - Sleep Button: device is a keyboard
[ 54.874] Warning:  config/udev: Adding input device Video Bus (/dev/input/event4)
[ 54.874] Warning:  Video Bus: Applying InputClass "evdev keyboard catchall"
[ 54.874] Warning:  Video Bus: Applying InputClass "libinput keyboard catchall"
[ 54.874] Warning:  Using input driver 'libinput' for 'Video Bus'
[ 54.874] Warning:  Video Bus: always reports core events
[ 54.874] Warning:  Option "Device" "/dev/input/event4"
[ 54.874] Warning:  Option "_source" "server/udev"
[ 54.875] Warning:  event4 - Video Bus: is tagged by udev as: Keyboard
[ 54.875] Warning:  event4 - Video Bus: device is a keyboard
[ 54.875] Warning:  event4 - Video Bus: device removed
[ 54.875] Warning:  Option "config_info" "udev:/sys/devices/LNXSYSTM:00/LNXSYBUS:00/PNP0A03:00/LNXVIDEO:00/input/input5/event4"
[ 54.875] Warning:  XINPUT: Adding extended input device "Video Bus" (type: KEYBOARD, id 8)
[ 54.877] Warning:  event4 - Video Bus: is tagged by udev as: Keyboard
[ 54.877] Warning:  event4 - Video Bus: device is a keyboard
[ 54.878] Warning:  config/udev: Adding input device AT Translated Set 2 keyboard (/dev/input/event2)
[ 54.878] Warning:  AT Translated Set 2 keyboard: Applying InputClass "evdev keyboard catchall"
[ 54.878] Warning:  AT Translated Set 2 keyboard: Applying InputClass "libinput keyboard catchall"
[ 54.878] Warning:  Using input driver 'libinput' for 'AT Translated Set 2 keyboard'
[ 54.878] Warning:  AT Translated Set 2 keyboard: always reports core events
[ 54.878] Warning:  Option "Device" "/dev/input/event2"
[ 54.878] Warning:  Option "_source" "server/udev"
[ 54.879] Warning:  event2 - AT Translated Set 2 keyboard: is tagged by udev as: Keyboard
[ 54.879] Warning:  event2 - AT Translated Set 2 keyboard: device is a keyboard
[ 54.879] Warning:  event2 - AT Translated Set 2 keyboard: device removed
[ 54.879] Warning:  Option "config_info" "udev:/sys/devices/platform/i8042/serio0/input/input2/event2"
[ 54.879] Warning:  XINPUT: Adding extended input device "AT Translated Set 2 keyboard" (type: KEYBOARD, id 9)
[ 54.880] Warning:  event2 - AT Translated Set 2 keyboard: is tagged by udev as: Keyboard
[ 54.880] Warning:  event2 - AT Translated Set 2 keyboard: device is a keyboard
[ 54.881] Warning:  config/udev: Adding input device ImExPS/2 Generic Explorer Mouse (/dev/input/event3)
[ 54.881] Warning:  ImExPS/2 Generic Explorer Mouse: Applying InputClass "evdev pointer catchall"
[ 54.881] Warning:  ImExPS/2 Generic Explorer Mouse: Applying InputClass "libinput pointer catchall"
[ 54.881] Warning:  Using input driver 'libinput' for 'ImExPS/2 Generic Explorer Mouse'
[ 54.881] Warning:  ImExPS/2 Generic Explorer Mouse: always reports core events
[ 54.881] Warning:  Option "Device" "/dev/input/event3"
[ 54.881] Warning:  Option "_source" "server/udev"
[ 54.881] Warning:  event3 - ImExPS/2 Generic Explorer Mouse: is tagged by udev as: Mouse
[ 54.881] Warning:  event3 - ImExPS/2 Generic Explorer Mouse: device is a pointer
[ 54.881] Warning:  event3 - ImExPS/2 Generic Explorer Mouse: device removed
[ 54.881] Warning:  Option "config_info" "udev:/sys/devices/platform/i8042/serio1/input/input4/event3"
[ 54.881] Warning:  XINPUT: Adding extended input device "ImExPS/2 Generic Explorer Mouse" (type: MOUSE, id 10)
[ 54.881] Warning:  Option "AccelerationScheme" "none"
[ 54.881] Warning:  ImExPS/2 Generic Explorer Mouse: (accel) selected scheme none/0
[ 54.881] Warning:  ImExPS/2 Generic Explorer Mouse: (accel) acceleration factor: 2.000
[ 54.881] Warning:  ImExPS/2 Generic Explorer Mouse: (accel) acceleration threshold: 4
[ 54.883] Warning:  event3 - ImExPS/2 Generic Explorer Mouse: is tagged by udev as: Mouse
[ 54.883] Warning:  event3 - ImExPS/2 Generic Explorer Mouse: device is a pointer
[ 54.884] Warning:  config/udev: Adding input device ImExPS/2 Generic Explorer Mouse (/dev/input/mouse0)
[ 54.884] Warning:  No input driver specified, ignoring this device.
[ 54.884] Warning:  This device may have been added with another device file.
[ 54.884] Warning:  config/udev: Adding input device PC Speaker (/dev/input/event5)
[ 54.884] Warning:  No input driver specified, ignoring this device.
[ 54.884] Warning:  This device may have been added with another device file.
[ 53.328] Information:  Failed to open protocol names file /usr/lib64/xorg/protocol.txt
[ 53.328] Information: 
X.Org X Information:  1.20.6
X Protocol Information:  11, Revision 0
[ 53.328] Information:  Operating System: 4.19.34-300.el7.x86_64
[ 53.328] Information:  Operating System: Linux localhost 4.18.0-193.el8.x86_64 #1 SMP Fri May 8 10:59:10 UTC 2020 x86_64
[ 53.328] Information:  command line: BOOT_IMAGE=vmlinuz initrd=initrd.img inst.stage2=hd:LABEL=CentOS-8-2-2004-x86_64-dvd rd.live.check quiet
[ 53.328] Information:  Date: 24 April 2020 02:49:29AM
[ 53.328] Information:  ID: xorg-x11-server 1.20.6-3.el8
[ 53.328] Information:  version of pixman: 0.38.4
[ 53.328] Information:  reporting problems, check http://wiki.x.org
to make Information:  that you have the latest version.
[ 53.328] Information:  (--) probed, (**) from config file, (==) default setting,
(++) from Information:  line, (!!) notice, Information:  informational,
(WW) warning, Information:  error, (NI) not implemented, (??) unknown.
[ 53.328] Information:  Log file: "/tmp/X.log", Time: Thu Aug 27 21:02:18 2020
[ 53.332] Information:  Using config directory: "/etc/X11/xorg.conf.d"
[ 53.332] Information:  Using system config directory "/usr/share/X11/xorg.conf.d"
[ 53.336] Information:  No Layout section. Using the first Screen section.
[ 53.336] Information:  No screen section available. Using defaults.
[ 53.336] Information:  |-->Screen "Default Screen Section" (0)
[ 53.336] Information:  | |-->Monitor "<default monitor>"
[ 53.341] Information:  No monitor specified for screen "Default Screen Section".
Using a Information:  monitor configuration.
[ 53.341] Information:  Automatically adding devices
[ 53.341] Information:  Automatically enabling devices
[ 53.341] Information:  Automatically adding GPU devices
[ 53.341] Information:  Automatically binding GPU devices
[ 53.341] Information:  Max clients allowed: 256, resource mask: 0x1fffff
[ 53.341] Information:  FontPath set to:
catalogue:/etc/X11/fontpath.d,  Information: 
built-ins  Information: 
[ 53.341] Information:  ModulePath set to "/usr/lib64/xorg/modules"
[ 53.341] Information:  The server relies on udev to provide the list of input devices.
If no Information:  become available, reconfigure udev or disable AutoAddDevices.
[ 53.341] Information:  Loader magic: 0x5617ea10e020
[ 53.341] Information:  Module ABI versions:
[ 53.341] Information:  ANSI C Emulation: 0.4
[ 53.341] Information:  Video Driver: 24.0
[ 53.341] Information:  XInput driver : 24.1
[ 53.341] Information:  Server Extension : 10.0
[ 53.342] Information:  using VT number 6
  Information: 
[ 53.342] Information:  systemd-logind: logind integration requires -keeptty and -keeptty was not provided, disabling logind integration
[ 53.343] Information:  xfree86: Adding drm device (/dev/dri/card0)
[ 53.343] Information:  Platform probe for /sys/devices/pci0000:00/0000:00:02.0/drm/card0
[ 53.346] Information:  PCI:*(0@0:2:0) 15ad:0405:15ad:0405 rev 0, Mem @ 0xf0000000/16777216, 0xf1000000/2097152, I/O @ 0x0000d010/16, BIOS @ 0x????????/131072
[ 53.346] Information:  LoadModule: "glx"
[ 53.348] Information:  Loading /usr/lib64/xorg/modules/extensions/libglx.so
[ 53.376] Information:  Module glx: vendor="X.Org Foundation"
[ 53.376] Information:  for 1.20.6, module version = 1.0.0
[ 53.376] Information:  class: X.Org Server Extension, version 10.0
[ 53.376] Information:  Matched vmware as autoconfigured driver 0
[ 53.376] Information:  Matched modesetting as autoconfigured driver 1
[ 53.376] Information:  Matched fbdev as autoconfigured driver 2
[ 53.376] Information:  Matched vesa as autoconfigured driver 3
[ 53.376] Information:  Assigned the driver to the xf86ConfigLayout
[ 53.376] Information:  LoadModule: "vmware"
[ 53.376] Information:  Loading /usr/lib64/xorg/modules/drivers/vmware_drv.so
[ 54.401] Information:  Module vmware: vendor="X.Org Foundation"
[ 54.401] Information:  for 1.20.3, module version = 13.2.1
[ 54.401] Information:  class: X.Org Video Driver
[ 54.401] Information:  class: X.Org Video Driver, version 24.0
[ 54.401] Information:  LoadModule: "modesetting"
[ 54.401] Information:  Loading /usr/lib64/xorg/modules/drivers/modesetting_drv.so
[ 54.411] Information:  Module modesetting: vendor="X.Org Foundation"
[ 54.411] Information:  for 1.20.6, module version = 1.20.6
[ 54.411] Information:  class: X.Org Video Driver
[ 54.411] Information:  class: X.Org Video Driver, version 24.0
[ 54.411] Information:  LoadModule: "fbdev"
[ 54.411] Information:  Loading /usr/lib64/xorg/modules/drivers/fbdev_drv.so
[ 54.414] Information:  Module fbdev: vendor="X.Org Foundation"
[ 54.414] Information:  for 1.20.3, module version = 0.5.0
[ 54.414] Information:  class: X.Org Video Driver
[ 54.414] Information:  class: X.Org Video Driver, version 24.0
[ 54.414] Information:  LoadModule: "vesa"
[ 54.414] Information:  Loading /usr/lib64/xorg/modules/drivers/vesa_drv.so
[ 54.414] Information:  Module vesa: vendor="X.Org Foundation"
[ 54.414] Information:  for 1.20.3, module version = 2.4.0
[ 54.414] Information:  class: X.Org Video Driver
[ 54.414] Information:  class: X.Org Video Driver, version 24.0
[ 54.414] Information:  vmware: driver for VMware SVGA: vmware0405, vmware0710
[ 54.414] Information:  modesetting: Driver for Modesetting Kernel Drivers: kms
[ 54.414] Information:  FBDEV: driver for framebuffer: fbdev
[ 54.415] Information:  VESA: driver for VESA chipsets: vesa
[ 54.415] Information:  Falling back to old probe method for modesetting
[ 54.415] Information:  Falling back to old probe method for fbdev
[ 54.415] Information:  Loading sub module "fbdevhw"
[ 54.415] Information:  LoadModule: "fbdevhw"
[ 54.415] Information:  Loading /usr/lib64/xorg/modules/libfbdevhw.so
[ 54.425] Information:  Module fbdevhw: vendor="X.Org Foundation"
[ 54.425] Information:  for 1.20.6, module version = 0.0.2
[ 54.425] Information:  class: X.Org Video Driver, version 24.0
[ 54.425] Information:  vmware(0): Creating default Display subsection in Screen section
"Default Screen Information:  for depth/fbbpp 24/32
[ 54.425] Information:  vmware(0): DRM driver version is 2.15.0
[ 54.425] Information:  vmware(0): Depth 24, (--) framebuffer bpp 32
[ 54.425] Information:  vmware(0): RGB weight 888
[ 54.425] Information:  vmware(0): Default visual is TrueColor
[ 54.425] Information:  vmware(0): Min width 1, Max Width 8192.
[ 54.425] Information:  vmware(0): Min height 1, Max Height 8192.
[ 54.429] Information:  vmware(0): Output Virtual1 has no monitor section
[ 54.430] Information:  vmware(0): Output Virtual2 has no monitor section
[ 54.430] Information:  vmware(0): Output Virtual3 has no monitor section
[ 54.430] Information:  vmware(0): Output Virtual4 has no monitor section
[ 54.430] Information:  vmware(0): Output Virtual5 has no monitor section
[ 54.430] Information:  vmware(0): Output Virtual6 has no monitor section
[ 54.430] Information:  vmware(0): Output Virtual7 has no monitor section
[ 54.430] Information:  vmware(0): Output Virtual8 has no monitor section
[ 54.430] Information:  vmware(0): Printing probed modes for output Virtual1
[ 54.430] Information:  vmware(0): Modeline "800x600"x60.0 42.75 800 850 900 950 600 650 700 750 -hsync +vsync (45.0 kHz eP)
[ 54.430] Information:  vmware(0): Modeline "2560x1600"x60.0 348.50 2560 2752 3032 3504 1600 1603 1609 1658 -hsync +vsync (99.5 kHz e)
[ 54.430] Information:  vmware(0): Modeline "1920x1440"x60.0 234.00 1920 2048 2256 2600 1440 1441 1444 1500 -hsync +vsync (90.0 kHz e)
[ 54.430] Information:  vmware(0): Modeline "1856x1392"x60.0 218.25 1856 1952 2176 2528 1392 1393 1396 1439 -hsync +vsync (86.3 kHz e)
[ 54.430] Information:  vmware(0): Modeline "1792x1344"x60.0 204.75 1792 1920 2120 2448 1344 1345 1348 1394 -hsync +vsync (83.6 kHz e)
[ 54.430] Information:  vmware(0): Modeline "1920x1200"x59.9 193.25 1920 2056 2256 2592 1200 1203 1209 1245 -hsync +vsync (74.6 kHz e)
[ 54.430] Information:  vmware(0): Modeline "1600x1200"x60.0 162.00 1600 1664 1856 2160 1200 1201 1204 1250 +hsync +vsync (75.0 kHz e)
[ 54.430] Information:  vmware(0): Modeline "1680x1050"x60.0 146.25 1680 1784 1960 2240 1050 1053 1059 1089 -hsync +vsync (65.3 kHz e)
[ 54.430] Information:  vmware(0): Modeline "1400x1050"x60.0 121.75 1400 1488 1632 1864 1050 1053 1057 1089 -hsync +vsync (65.3 kHz e)
[ 54.430] Information:  vmware(0): Modeline "1280x1024"x60.0 108.00 1280 1328 1440 1688 1024 1025 1028 1066 +hsync +vsync (64.0 kHz e)
[ 54.430] Information:  vmware(0): Modeline "1440x900"x59.9 106.50 1440 1520 1672 1904 900 903 909 934 -hsync +vsync (55.9 kHz e)
[ 54.430] Information:  vmware(0): Modeline "1280x960"x60.0 108.00 1280 1376 1488 1800 960 961 964 1000 +hsync +vsync (60.0 kHz e)
[ 54.430] Information:  vmware(0): Modeline "1360x768"x60.0 85.50 1360 1424 1536 1792 768 771 777 795 +hsync +vsync (47.7 kHz e)
[ 54.430] Information:  vmware(0): Modeline "1280x800"x59.8 83.50 1280 1352 1480 1680 800 803 809 831 +hsync -vsync (49.7 kHz e)
[ 54.430] Information:  vmware(0): Modeline "1152x864"x75.0 108.00 1152 1216 1344 1600 864 865 868 900 +hsync +vsync (67.5 kHz e)
[ 54.430] Information:  vmware(0): Modeline "1280x768"x59.9 79.50 1280 1344 1472 1664 768 771 778 798 -hsync +vsync (47.8 kHz e)
[ 54.430] Information:  vmware(0): Modeline "1024x768"x60.0 65.00 1024 1048 1184 1344 768 771 777 806 -hsync -vsync (48.4 kHz e)
[ 54.430] Information:  vmware(0): Modeline "800x600"x60.3 40.00 800 840 968 1056 600 601 605 628 +hsync +vsync (37.9 kHz e)
[ 54.430] Information:  vmware(0): Modeline "640x480"x59.9 25.18 640 656 752 800 480 489 492 525 -hsync -vsync (31.5 kHz e)
[ 54.430] Information:  vmware(0): EDID for output Virtual2
[ 54.430] Information:  vmware(0): EDID for output Virtual3
[ 54.430] Information:  vmware(0): EDID for output Virtual4
[ 54.430] Information:  vmware(0): EDID for output Virtual5
[ 54.430] Information:  vmware(0): EDID for output Virtual6
[ 54.430] Information:  vmware(0): EDID for output Virtual7
[ 54.430] Information:  vmware(0): EDID for output Virtual8
[ 54.430] Information:  vmware(0): Output Virtual1 connected
[ 54.430] Information:  vmware(0): Output Virtual2 disconnected
[ 54.430] Information:  vmware(0): Output Virtual3 disconnected
[ 54.430] Information:  vmware(0): Output Virtual4 disconnected
[ 54.430] Information:  vmware(0): Output Virtual5 disconnected
[ 54.430] Information:  vmware(0): Output Virtual6 disconnected
[ 54.430] Information:  vmware(0): Output Virtual7 disconnected
[ 54.430] Information:  vmware(0): Output Virtual8 disconnected
[ 54.430] Information:  vmware(0): Using exact sizes for initial modes
[ 54.430] Information:  vmware(0): Output Virtual1 using initial mode 800x600 +0+0
[ 54.430] Information:  vmware(0): DPI set to (96, 96)
[ 54.430] Information:  vmware(0): Using gamma correction (1.0, 1.0, 1.0)
[ 54.430] Information:  Loading sub module "fb"
[ 54.430] Information:  LoadModule: "fb"
[ 54.430] Information:  Loading /usr/lib64/xorg/modules/libfb.so
[ 54.431] Information:  Module fb: vendor="X.Org Foundation"
[ 54.431] Information:  for 1.20.6, module version = 1.0.0
[ 54.431] Information:  class: X.Org ANSI C Emulation, version 0.4
[ 54.431] Information:  Loading sub module "dri2"
[ 54.431] Information:  LoadModule: "dri2"
[ 54.431] Information:  Module "dri2" already built-in
[ 54.431] Information:  UnloadModule: "modesetting"
[ 54.431] Information:  Unloading modesetting
[ 54.431] Information:  UnloadModule: "fbdev"
[ 54.431] Information:  Unloading fbdev
[ 54.431] Information:  UnloadSubModule: "fbdevhw"
[ 54.431] Information:  Unloading fbdevhw
[ 54.431] Information:  UnloadModule: "vesa"
[ 54.431] Information:  Unloading vesa
[ 54.440] Information:  vmware(0): Initialized VMWARE_CTRL extension version 0.2
[ 54.478] Information:  vmware(0): Failed to initialize Gallium3D Xa. No render acceleration available.
[ 54.478] Information:  vmware(0): Skipped initialization of direct rendering due to lack of render acceleration.
[ 54.478] Information:  vmware(0): Render acceleration is disabled.
[ 54.478] Information:  vmware(0): Rendercheck mode is disabled.
[ 54.478] Information:  vmware(0): Direct rendering (3D) is disabled.
[ 54.478] Information:  vmware(0): Backing store enabled
[ 54.478] Information:  vmware(0): Silken mouse enabled
[ 54.478] Information:  vmware(0): DPMS enabled
[ 54.478] Information:  vmware(0): No 3D acceleration. Not setting up textured video.
[ 54.478] Information:  vmware(0): Disabling Xv because no adaptors could be initialized.
[ 54.478] Information:  Initializing extension Generic Event Extension
[ 54.478] Information:  Initializing extension SHAPE
[ 54.478] Information:  Initializing extension MIT-SHM
[ 54.478] Information:  Initializing extension XInputExtension
[ 54.478] Information:  Initializing extension XTEST
[ 54.478] Information:  Initializing extension BIG-REQUESTS
[ 54.478] Information:  Initializing extension SYNC
[ 54.479] Information:  Initializing extension XKEYBOARD
[ 54.479] Information:  Initializing extension XC-MISC
[ 54.479] Information:  Initializing extension XFIXES
[ 54.479] Information:  Initializing extension RENDER
[ 54.479] Information:  Initializing extension RANDR
[ 54.479] Information:  Initializing extension COMPOSITE
[ 54.479] Information:  Initializing extension DAMAGE
[ 54.479] Information:  Initializing extension MIT-SCREEN-SAVER
[ 54.479] Information:  Initializing extension DOUBLE-BUFFER
[ 54.479] Information:  Initializing extension RECORD
[ 54.479] Information:  Initializing extension DPMS
[ 54.479] Information:  Initializing extension Present
[ 54.479] Information:  Initializing extension DRI3
[ 54.479] Information:  Initializing extension X-Resource
[ 54.479] Information:  Initializing extension XVideo
[ 54.479] Information:  Initializing extension XVideo-MotionCompensation
[ 54.479] Information:  Initializing extension SELinux
[ 54.479] Information:  SELinux: Disabled by boolean
[ 54.479] Information:  Initializing extension GLX
[ 54.479] Information:  AIGLX: Screen 0 is not DRI2 capable
[ 54.725] Information:  IGLX: Loaded and initialized swrast
[ 54.725] Information:  GLX: Initialized DRISWRAST GL provider for screen 0
[ 54.725] Information:  Initializing extension XFree86-VidModeExtension
[ 54.725] Information:  Initializing extension XFree86-DGA
[ 54.725] Information:  Initializing extension XFree86-DRI
[ 54.725] Information:  Initializing extension DRI2
[ 54.727] Information:  vmware(0): Setting screen physical size to 211 x 158
[ 54.834] Information:  config/udev: Adding input device Power Button (/dev/input/event0)
[ 54.834] Information:  Power Button: Applying InputClass "evdev keyboard catchall"
[ 54.834] Information:  Power Button: Applying InputClass "libinput keyboard catchall"
[ 54.834] Information:  LoadModule: "libinput"
[ 54.834] Information:  Loading /usr/lib64/xorg/modules/input/libinput_drv.so
[ 54.853] Information:  Module libinput: vendor="X.Org Foundation"
[ 54.853] Information:  for 1.20.3, module version = 0.29.0
[ 54.853] Information:  class: X.Org XInput Driver
[ 54.853] Information:  class: X.Org XInput driver, version 24.1
[ 54.853] Information:  Using input driver 'libinput' for 'Power Button'
[ 54.853] Information:  Power Button: always reports core events
[ 54.853] Information:  Option "Device" "/dev/input/event0"
[ 54.853] Information:  Option "_source" "server/udev"
[ 54.870] Information:  event0 - Power Button: is tagged by udev as: Keyboard
[ 54.870] Information:  event0 - Power Button: device is a keyboard
[ 54.870] Information:  event0 - Power Button: device removed
[ 54.870] Information:  Option "config_info" "udev:/sys/devices/LNXSYSTM:00/LNXPWRBN:00/input/input0/event0"
[ 54.870] Information:  XINPUT: Adding extended input device "Power Button" (type: KEYBOARD, id 6)
[ 54.871] Information:  event0 - Power Button: is tagged by udev as: Keyboard
[ 54.871] Information:  event0 - Power Button: device is a keyboard
[ 54.872] Information:  config/udev: Adding input device Sleep Button (/dev/input/event1)
[ 54.872] Information:  Sleep Button: Applying InputClass "evdev keyboard catchall"
[ 54.872] Information:  Sleep Button: Applying InputClass "libinput keyboard catchall"
[ 54.872] Information:  Using input driver 'libinput' for 'Sleep Button'
[ 54.872] Information:  Sleep Button: always reports core events
[ 54.872] Information:  Option "Device" "/dev/input/event1"
[ 54.872] Information:  Option "_source" "server/udev"
[ 54.872] Information:  event1 - Sleep Button: is tagged by udev as: Keyboard
[ 54.872] Information:  event1 - Sleep Button: device is a keyboard
[ 54.872] Information:  event1 - Sleep Button: device removed
[ 54.873] Information:  Option "config_info" "udev:/sys/devices/LNXSYSTM:00/LNXSLPBN:00/input/input1/event1"
[ 54.873] Information:  XINPUT: Adding extended input device "Sleep Button" (type: KEYBOARD, id 7)
[ 54.873] Information:  event1 - Sleep Button: is tagged by udev as: Keyboard
[ 54.873] Information:  event1 - Sleep Button: device is a keyboard
[ 54.874] Information:  config/udev: Adding input device Video Bus (/dev/input/event4)
[ 54.874] Information:  Video Bus: Applying InputClass "evdev keyboard catchall"
[ 54.874] Information:  Video Bus: Applying InputClass "libinput keyboard catchall"
[ 54.874] Information:  Using input driver 'libinput' for 'Video Bus'
[ 54.874] Information:  Video Bus: always reports core events
[ 54.874] Information:  Option "Device" "/dev/input/event4"
[ 54.874] Information:  Option "_source" "server/udev"
[ 54.875] Information:  event4 - Video Bus: is tagged by udev as: Keyboard
[ 54.875] Information:  event4 - Video Bus: device is a keyboard
[ 54.875] Information:  event4 - Video Bus: device removed
[ 54.875] Information:  Option "config_info" "udev:/sys/devices/LNXSYSTM:00/LNXSYBUS:00/PNP0A03:00/LNXVIDEO:00/input/input5/event4"
[ 54.875] Information:  XINPUT: Adding extended input device "Video Bus" (type: KEYBOARD, id 8)
[ 54.877] Information:  event4 - Video Bus: is tagged by udev as: Keyboard
[ 54.877] Information:  event4 - Video Bus: device is a keyboard
[ 54.878] Information:  config/udev: Adding input device AT Translated Set 2 keyboard (/dev/input/event2)
[ 54.878] Information:  AT Translated Set 2 keyboard: Applying InputClass "evdev keyboard catchall"
[ 54.878] Information:  AT Translated Set 2 keyboard: Applying InputClass "libinput keyboard catchall"
[ 54.878] Information:  Using input driver 'libinput' for 'AT Translated Set 2 keyboard'
[ 54.878] Information:  AT Translated Set 2 keyboard: always reports core events
[ 54.878] Information:  Option "Device" "/dev/input/event2"
[ 54.878] Information:  Option "_source" "server/udev"
[ 54.879] Information:  event2 - AT Translated Set 2 keyboard: is tagged by udev as: Keyboard
[ 54.879] Information:  event2 - AT Translated Set 2 keyboard: device is a keyboard
[ 54.879] Information:  event2 - AT Translated Set 2 keyboard: device removed
[ 54.879] Information:  Option "config_info" "udev:/sys/devices/platform/i8042/serio0/input/input2/event2"
[ 54.879] Information:  XINPUT: Adding extended input device "AT Translated Set 2 keyboard" (type: KEYBOARD, id 9)
[ 54.880] Information:  event2 - AT Translated Set 2 keyboard: is tagged by udev as: Keyboard
[ 54.880] Information:  event2 - AT Translated Set 2 keyboard: device is a keyboard
[ 54.881] Information:  config/udev: Adding input device ImExPS/2 Generic Explorer Mouse (/dev/input/event3)
[ 54.881] Information:  ImExPS/2 Generic Explorer Mouse: Applying InputClass "evdev pointer catchall"
[ 54.881] Information:  ImExPS/2 Generic Explorer Mouse: Applying InputClass "libinput pointer catchall"
[ 54.881] Information:  Using input driver 'libinput' for 'ImExPS/2 Generic Explorer Mouse'
[ 54.881] Information:  ImExPS/2 Generic Explorer Mouse: always reports core events
[ 54.881] Information:  Option "Device" "/dev/input/event3"
[ 54.881] Information:  Option "_source" "server/udev"
[ 54.881] Information:  event3 - ImExPS/2 Generic Explorer Mouse: is tagged by udev as: Mouse
[ 54.881] Information:  event3 - ImExPS/2 Generic Explorer Mouse: device is a pointer
[ 54.881] Information:  event3 - ImExPS/2 Generic Explorer Mouse: device removed
[ 54.881] Information:  Option "config_info" "udev:/sys/devices/platform/i8042/serio1/input/input4/event3"
[ 54.881] Information:  XINPUT: Adding extended input device "ImExPS/2 Generic Explorer Mouse" (type: MOUSE, id 10)
[ 54.881] Information:  Option "AccelerationScheme" "none"
[ 54.881] Information:  ImExPS/2 Generic Explorer Mouse: (accel) selected scheme none/0
[ 54.881] Information:  ImExPS/2 Generic Explorer Mouse: (accel) acceleration factor: 2.000
[ 54.881] Information:  ImExPS/2 Generic Explorer Mouse: (accel) acceleration threshold: 4
[ 54.883] Information:  event3 - ImExPS/2 Generic Explorer Mouse: is tagged by udev as: Mouse
[ 54.883] Information:  event3 - ImExPS/2 Generic Explorer Mouse: device is a pointer
[ 54.884] Information:  config/udev: Adding input device ImExPS/2 Generic Explorer Mouse (/dev/input/mouse0)
[ 54.884] Information:  No input driver specified, ignoring this device.
[ 54.884] Information:  This device may have been added with another device file.
[ 54.884] Information:  config/udev: Adding input device PC Speaker (/dev/input/event5)
[ 54.884] Information:  No input driver specified, ignoring this device.
[ 54.884] Information:  This device may have been added with another device file.
